2019-09-03 17:47:34,376 [Worker-1: Loading available Gradle versions] INFO  o.e.b.c.i.u.g.PublishedGradleVersions - Gradle version information cache is up-to-date. Trying to read.
2019-09-03 17:48:41,326 [Worker-0: Creating project "car-selling-app"] INFO  o.e.m.c.i.l.LifecycleMappingFactory - Using NULL lifecycle mapping for MavenProject: com.car-selling-application:car-selling-app:0.0.1-SNAPSHOT @ C:\Users\Filip Matejevic\Desktop\car-selling-app\car-selling-app\pom.xml.
2019-09-03 17:49:35,243 [Worker-10: Creating project "core"] INFO  o.e.m.c.i.l.LifecycleMappingFactory - Using org.eclipse.m2e.jdt.JarLifecycleMapping lifecycle mapping for MavenProject: com.car-selling-application:core:0.0.1-SNAPSHOT @ C:\Users\Filip Matejevic\Desktop\car-selling-app\car-selling-app\core\pom.xml.
2019-09-03 17:49:38,410 [Worker-10: Creating project "core"] INFO  o.e.m.j.i.AbstractJavaProjectConfigurator - Adding source folder /core/src/main/java
2019-09-03 17:49:38,413 [Worker-10: Creating project "core"] INFO  o.e.m.j.i.AbstractJavaProjectConfigurator - Adding resource folder /core/src/main/resources
2019-09-03 17:49:38,414 [Worker-10: Creating project "core"] INFO  o.e.m.j.i.AbstractJavaProjectConfigurator - Adding source folder /core/src/test/java
2019-09-03 17:49:38,415 [Worker-10: Creating project "core"] INFO  o.e.m.j.i.AbstractJavaProjectConfigurator - Adding resource folder /core/src/test/resources
2019-09-03 17:49:43,649 [Worker-6: Building workspace] WARN  o.e.m.c.i.embedder.EclipseLogger - Using platform encoding (Cp1252 actually) to copy filtered resources, i.e. build is platform dependent!
2019-09-03 17:49:43,729 [Worker-6: Building workspace] INFO  o.e.m.c.i.embedder.EclipseLogger - Copying 0 resource
2019-09-03 17:49:43,735 [Worker-6: Building workspace] WARN  o.e.m.c.i.embedder.EclipseLogger - Using platform encoding (Cp1252 actually) to copy filtered resources, i.e. build is platform dependent!
2019-09-03 17:49:43,757 [Worker-6: Building workspace] INFO  o.e.m.c.i.embedder.EclipseLogger - Copying 0 resource
2019-09-03 17:49:44,346 [Worker-10: Creating project "core"] ERROR o.e.m.c.u.i.w.MavenModuleWizard - Cannot add module to parent POM
java.lang.NullPointerException: null
	at org.eclipse.wst.xml.core.internal.provisional.format.ElementNodeFormatter.getUndefinedRegions(ElementNodeFormatter.java:412) ~[na:na]
	at org.eclipse.wst.xml.core.internal.provisional.format.ElementNodeFormatter.formatStartTag(ElementNodeFormatter.java:326) ~[na:na]
	at org.eclipse.wst.xml.core.internal.provisional.format.ElementNodeFormatter.formatNode(ElementNodeFormatter.java:123) ~[na:na]
	at org.eclipse.wst.xml.core.internal.provisional.format.NodeFormatter.format(NodeFormatter.java:77) ~[na:na]
	at org.eclipse.wst.sse.core.internal.format.AbstractStructuredFormatProcessor.formatNode(AbstractStructuredFormatProcessor.java:414) ~[na:na]
	at org.eclipse.m2e.core.ui.internal.editing.PomEdits.format(PomEdits.java:445) ~[org.eclipse.m2e.core.ui_1.12.0.20190529-1916.jar:na]
	at org.eclipse.m2e.core.ui.internal.editing.PomEdits.getChild(PomEdits.java:300) ~[org.eclipse.m2e.core.ui_1.12.0.20190529-1916.jar:na]
	at org.eclipse.m2e.core.ui.internal.wizards.MavenModuleWizard$7$1.process(MavenModuleWizard.java:279) ~[org.eclipse.m2e.core.ui_1.12.0.20190529-1916.jar:na]
	at org.eclipse.m2e.core.ui.internal.editing.PomEdits.performOnDOMDocument(PomEdits.java:510) ~[org.eclipse.m2e.core.ui_1.12.0.20190529-1916.jar:na]
	at org.eclipse.m2e.core.ui.internal.wizards.MavenModuleWizard$7.done(MavenModuleWizard.java:276) ~[org.eclipse.m2e.core.ui_1.12.0.20190529-1916.jar:na]
	at org.eclipse.core.internal.jobs.JobListeners.doNotify(JobListeners.java:80) ~[org.eclipse.core.jobs_3.10.400.v20190506-1457.jar:na]
	at org.eclipse.core.internal.jobs.JobListeners.done(JobListeners.java:118) ~[org.eclipse.core.jobs_3.10.400.v20190506-1457.jar:na]
	at org.eclipse.core.internal.jobs.JobManager.endJob(JobManager.java:684) ~[org.eclipse.core.jobs_3.10.400.v20190506-1457.jar:na]
	at org.eclipse.core.internal.jobs.WorkerPool.endJob(WorkerPool.java:117) ~[org.eclipse.core.jobs_3.10.400.v20190506-1457.jar:na]
	at org.eclipse.core.internal.jobs.Worker.run(Worker.java:85) ~[org.eclipse.core.jobs_3.10.400.v20190506-1457.jar:na]
2019-09-03 17:49:46,277 [Worker-8: Building workspace] INFO  o.e.m.c.i.l.LifecycleMappingFactory - Using org.eclipse.m2e.jdt.JarLifecycleMapping lifecycle mapping for MavenProject: com.car-selling-application:core:0.0.1-SNAPSHOT @ C:\Users\Filip Matejevic\Desktop\car-selling-app\car-selling-app\core\pom.xml.
2019-09-03 17:49:46,285 [Worker-8: Building workspace] INFO  o.e.m.c.i.l.LifecycleMappingFactory - Using NULL lifecycle mapping for MavenProject: com.car-selling-application:car-selling-app:0.0.1-SNAPSHOT @ C:\Users\Filip Matejevic\Desktop\car-selling-app\car-selling-app\pom.xml.
2019-09-03 17:49:47,233 [Worker-8: Building workspace] WARN  o.e.m.c.i.embedder.EclipseLogger - Using platform encoding (Cp1252 actually) to copy filtered resources, i.e. build is platform dependent!
2019-09-03 17:49:47,274 [Worker-8: Building workspace] INFO  o.e.m.c.i.embedder.EclipseLogger - Copying 0 resource
2019-09-03 17:49:47,294 [Worker-8: Building workspace] WARN  o.e.m.c.i.embedder.EclipseLogger - Using platform encoding (Cp1252 actually) to copy filtered resources, i.e. build is platform dependent!
2019-09-03 17:49:47,314 [Worker-8: Building workspace] INFO  o.e.m.c.i.embedder.EclipseLogger - Copying 0 resource
2019-09-03 17:51:23,661 [Worker-7: Creating project "service"] INFO  o.e.m.c.i.l.LifecycleMappingFactory - Using org.eclipse.m2e.jdt.JarLifecycleMapping lifecycle mapping for MavenProject: com.car-selling-application:service:0.0.1-SNAPSHOT @ C:\Users\Filip Matejevic\Desktop\car-selling-app\car-selling-app\service\pom.xml.
2019-09-03 17:51:23,823 [Worker-7: Creating project "service"] INFO  o.e.m.j.i.AbstractJavaProjectConfigurator - Adding source folder /service/src/main/java
2019-09-03 17:51:23,832 [Worker-7: Creating project "service"] INFO  o.e.m.j.i.AbstractJavaProjectConfigurator - Adding resource folder /service/src/main/resources
2019-09-03 17:51:23,840 [Worker-7: Creating project "service"] INFO  o.e.m.j.i.AbstractJavaProjectConfigurator - Adding source folder /service/src/test/java
2019-09-03 17:51:23,848 [Worker-7: Creating project "service"] INFO  o.e.m.j.i.AbstractJavaProjectConfigurator - Adding resource folder /service/src/test/resources
2019-09-03 17:51:24,766 [Worker-6: Building workspace] WARN  o.e.m.c.i.embedder.EclipseLogger - Using platform encoding (Cp1252 actually) to copy filtered resources, i.e. build is platform dependent!
2019-09-03 17:51:24,988 [Worker-6: Building workspace] INFO  o.e.m.c.i.embedder.EclipseLogger - Copying 0 resource
2019-09-03 17:51:25,022 [Worker-6: Building workspace] WARN  o.e.m.c.i.embedder.EclipseLogger - Using platform encoding (Cp1252 actually) to copy filtered resources, i.e. build is platform dependent!
2019-09-03 17:51:25,085 [Worker-6: Building workspace] INFO  o.e.m.c.i.embedder.EclipseLogger - Copying 0 resource
2019-09-03 17:52:06,998 [Worker-3: Creating project "web"] INFO  o.e.m.c.i.l.LifecycleMappingFactory - Using org.eclipse.m2e.jdt.JarLifecycleMapping lifecycle mapping for MavenProject: com.car-selling-application:web:0.0.1-SNAPSHOT @ C:\Users\Filip Matejevic\Desktop\car-selling-app\car-selling-app\web\pom.xml.
2019-09-03 17:52:07,219 [Worker-3: Creating project "web"] INFO  o.e.m.j.i.AbstractJavaProjectConfigurator - Adding source folder /web/src/main/java
2019-09-03 17:52:07,229 [Worker-3: Creating project "web"] INFO  o.e.m.j.i.AbstractJavaProjectConfigurator - Adding resource folder /web/src/main/resources
2019-09-03 17:52:07,239 [Worker-3: Creating project "web"] INFO  o.e.m.j.i.AbstractJavaProjectConfigurator - Adding source folder /web/src/test/java
2019-09-03 17:52:07,239 [Worker-3: Creating project "web"] INFO  o.e.m.j.i.AbstractJavaProjectConfigurator - Adding resource folder /web/src/test/resources
2019-09-03 17:52:08,342 [Worker-1: Building workspace] WARN  o.e.m.c.i.embedder.EclipseLogger - Using platform encoding (Cp1252 actually) to copy filtered resources, i.e. build is platform dependent!
2019-09-03 17:52:08,661 [Worker-1: Building workspace] INFO  o.e.m.c.i.embedder.EclipseLogger - Copying 0 resource
2019-09-03 17:52:08,664 [Worker-1: Building workspace] WARN  o.e.m.c.i.embedder.EclipseLogger - Using platform encoding (Cp1252 actually) to copy filtered resources, i.e. build is platform dependent!
2019-09-03 17:52:08,712 [Worker-1: Building workspace] INFO  o.e.m.c.i.embedder.EclipseLogger - Copying 0 resource
2019-09-03 17:52:09,408 [Worker-3: Creating project "web"] ERROR o.e.m.c.u.i.w.MavenModuleWizard - Cannot add module to parent POM
java.lang.NullPointerException: null
	at org.eclipse.wst.xml.core.internal.provisional.format.ElementNodeFormatter.getUndefinedRegions(ElementNodeFormatter.java:412) ~[na:na]
	at org.eclipse.wst.xml.core.internal.provisional.format.ElementNodeFormatter.formatStartTag(ElementNodeFormatter.java:326) ~[na:na]
	at org.eclipse.wst.xml.core.internal.provisional.format.ElementNodeFormatter.formatNode(ElementNodeFormatter.java:123) ~[na:na]
	at org.eclipse.wst.xml.core.internal.provisional.format.NodeFormatter.format(NodeFormatter.java:77) ~[na:na]
	at org.eclipse.wst.sse.core.internal.format.AbstractStructuredFormatProcessor.formatNode(AbstractStructuredFormatProcessor.java:414) ~[na:na]
	at org.eclipse.m2e.core.ui.internal.editing.PomEdits.format(PomEdits.java:445) ~[org.eclipse.m2e.core.ui_1.12.0.20190529-1916.jar:na]
	at org.eclipse.m2e.core.ui.internal.wizards.MavenModuleWizard$7$1.process(MavenModuleWizard.java:281) ~[org.eclipse.m2e.core.ui_1.12.0.20190529-1916.jar:na]
	at org.eclipse.m2e.core.ui.internal.editing.PomEdits.performOnDOMDocument(PomEdits.java:510) ~[org.eclipse.m2e.core.ui_1.12.0.20190529-1916.jar:na]
	at org.eclipse.m2e.core.ui.internal.wizards.MavenModuleWizard$7.done(MavenModuleWizard.java:276) ~[org.eclipse.m2e.core.ui_1.12.0.20190529-1916.jar:na]
	at org.eclipse.core.internal.jobs.JobListeners.doNotify(JobListeners.java:80) ~[org.eclipse.core.jobs_3.10.400.v20190506-1457.jar:na]
	at org.eclipse.core.internal.jobs.JobListeners.done(JobListeners.java:118) ~[org.eclipse.core.jobs_3.10.400.v20190506-1457.jar:na]
	at org.eclipse.core.internal.jobs.JobManager.endJob(JobManager.java:684) ~[org.eclipse.core.jobs_3.10.400.v20190506-1457.jar:na]
	at org.eclipse.core.internal.jobs.WorkerPool.endJob(WorkerPool.java:117) ~[org.eclipse.core.jobs_3.10.400.v20190506-1457.jar:na]
	at org.eclipse.core.internal.jobs.Worker.run(Worker.java:85) ~[org.eclipse.core.jobs_3.10.400.v20190506-1457.jar:na]
2019-09-03 17:52:09,429 [Worker-1: reload maven project] ERROR o.e.m2e.editor.pom.MavenPomEditor - failed to load maven project for org.eclipse.ui.part.FileEditorInput(/car-selling-app/pom.xml)
org.eclipse.core.runtime.CoreException: Could not read maven project
	at org.eclipse.m2e.core.internal.project.registry.ProjectRegistryManager.readProjectWithDependencies(ProjectRegistryManager.java:851) ~[na:na]
	at org.eclipse.m2e.core.internal.project.registry.ProjectRegistryManager$2.call(ProjectRegistryManager.java:1069) ~[na:na]
	at org.eclipse.m2e.core.internal.project.registry.ProjectRegistryManager$2.call(ProjectRegistryManager.java:1) ~[na:na]
	at com.google.common.cache.LocalCache$LocalManualCache$1.load(LocalCache.java:5065) ~[na:na]
	at com.google.common.cache.LocalCache$LoadingValueReference.loadFuture(LocalCache.java:3716) ~[na:na]
	at com.google.common.cache.LocalCache$Segment.loadSync(LocalCache.java:2424) ~[na:na]
	at com.google.common.cache.LocalCache$Segment.lockedGetOrLoad(LocalCache.java:2298) ~[na:na]
	at com.google.common.cache.LocalCache$Segment.get(LocalCache.java:2211) ~[na:na]
	at com.google.common.cache.LocalCache.get(LocalCache.java:4154) ~[na:na]
	at com.google.common.cache.LocalCache$LocalManualCache.get(LocalCache.java:5060) ~[na:na]
	at org.eclipse.m2e.core.internal.project.registry.ProjectRegistryManager.getMavenProject(ProjectRegistryManager.java:1067) ~[na:na]
	at org.eclipse.m2e.core.internal.project.registry.MavenProjectFacade.getMavenProject(MavenProjectFacade.java:242) ~[na:na]
	at org.eclipse.m2e.core.ui.internal.actions.SelectionUtil.getMavenProject(SelectionUtil.java:261) ~[org.eclipse.m2e.core.ui_1.12.0.20190529-1916.jar:na]
	at org.eclipse.m2e.editor.pom.MavenPomEditor.readMavenProject(MavenPomEditor.java:740) ~[na:na]
	at org.eclipse.m2e.editor.pom.MavenPomEditor$5.run(MavenPomEditor.java:1074) ~[na:na]
	at org.eclipse.core.internal.jobs.Worker.run(Worker.java:63) [org.eclipse.core.jobs_3.10.400.v20190506-1457.jar:na]
2019-09-03 17:52:09,816 [Worker-10: Building workspace] ERROR o.e.m.c.i.p.r.ProjectRegistryManager - Could not read pom.xml
org.eclipse.core.runtime.CoreException: Could not read pom.xml
	at org.eclipse.m2e.core.internal.embedder.MavenImpl.readModel(MavenImpl.java:561) ~[org.eclipse.m2e.core_1.12.0.20190529-1916.jar:na]
	at org.eclipse.m2e.core.internal.embedder.MavenImpl.readModel(MavenImpl.java:570) ~[org.eclipse.m2e.core_1.12.0.20190529-1916.jar:na]
	at org.eclipse.m2e.core.internal.project.registry.ProjectRegistryManager.refreshPhase2(ProjectRegistryManager.java:563) [org.eclipse.m2e.core_1.12.0.20190529-1916.jar:na]
	at org.eclipse.m2e.core.internal.project.registry.ProjectRegistryManager.refresh(ProjectRegistryManager.java:519) [org.eclipse.m2e.core_1.12.0.20190529-1916.jar:na]
	at org.eclipse.m2e.core.internal.project.registry.ProjectRegistryManager.refresh(ProjectRegistryManager.java:365) [org.eclipse.m2e.core_1.12.0.20190529-1916.jar:na]
	at org.eclipse.m2e.core.internal.project.registry.ProjectRegistryManager.refresh(ProjectRegistryManager.java:312) [org.eclipse.m2e.core_1.12.0.20190529-1916.jar:na]
	at org.eclipse.m2e.core.internal.builder.MavenBuilder$BuildMethod.getProjectFacade(MavenBuilder.java:155) [org.eclipse.m2e.core_1.12.0.20190529-1916.jar:na]
	at org.eclipse.m2e.core.internal.builder.MavenBuilder$BuildMethod$1.call(MavenBuilder.java:90) [org.eclipse.m2e.core_1.12.0.20190529-1916.jar:na]
	at org.eclipse.m2e.core.internal.embedder.MavenExecutionContext.executeBare(MavenExecutionContext.java:177) [org.eclipse.m2e.core_1.12.0.20190529-1916.jar:na]
	at org.eclipse.m2e.core.internal.embedder.MavenExecutionContext.execute(MavenExecutionContext.java:151) [org.eclipse.m2e.core_1.12.0.20190529-1916.jar:na]
	at org.eclipse.m2e.core.internal.embedder.MavenExecutionContext.execute(MavenExecutionContext.java:99) [org.eclipse.m2e.core_1.12.0.20190529-1916.jar:na]
	at org.eclipse.m2e.core.internal.builder.MavenBuilder$BuildMethod.execute(MavenBuilder.java:87) [org.eclipse.m2e.core_1.12.0.20190529-1916.jar:na]
	at org.eclipse.m2e.core.internal.builder.MavenBuilder.build(MavenBuilder.java:201) [org.eclipse.m2e.core_1.12.0.20190529-1916.jar:na]
	at org.eclipse.core.internal.events.BuildManager$2.run(BuildManager.java:833) [org.eclipse.core.resources_3.13.400.v20190505-1655.jar:na]
	at org.eclipse.core.runtime.SafeRunner.run(SafeRunner.java:45) [org.eclipse.equinox.common_3.10.400.v20190516-1504.jar:na]
	at org.eclipse.core.internal.events.BuildManager.basicBuild(BuildManager.java:220) [org.eclipse.core.resources_3.13.400.v20190505-1655.jar:na]
	at org.eclipse.core.internal.events.BuildManager.basicBuild(BuildManager.java:263) [org.eclipse.core.resources_3.13.400.v20190505-1655.jar:na]
	at org.eclipse.core.internal.events.BuildManager$1.run(BuildManager.java:316) [org.eclipse.core.resources_3.13.400.v20190505-1655.jar:na]
	at org.eclipse.core.runtime.SafeRunner.run(SafeRunner.java:45) [org.eclipse.equinox.common_3.10.400.v20190516-1504.jar:na]
	at org.eclipse.core.internal.events.BuildManager.basicBuild(BuildManager.java:319) [org.eclipse.core.resources_3.13.400.v20190505-1655.jar:na]
	at org.eclipse.core.internal.events.BuildManager.basicBuildLoop(BuildManager.java:371) [org.eclipse.core.resources_3.13.400.v20190505-1655.jar:na]
	at org.eclipse.core.internal.events.BuildManager.build(BuildManager.java:392) [org.eclipse.core.resources_3.13.400.v20190505-1655.jar:na]
	at org.eclipse.core.internal.events.AutoBuildJob.doBuild(AutoBuildJob.java:154) [org.eclipse.core.resources_3.13.400.v20190505-1655.jar:na]
	at org.eclipse.core.internal.events.AutoBuildJob.run(AutoBuildJob.java:244) [org.eclipse.core.resources_3.13.400.v20190505-1655.jar:na]
	at org.eclipse.core.internal.jobs.Worker.run(Worker.java:63) [org.eclipse.core.jobs_3.10.400.v20190506-1457.jar:na]
Caused by: org.apache.maven.model.io.ModelParseException: end tag name </proje> must match start tag name <project> from line 1 (position: TEXT seen ...</packaging>\r\n  </proje<... @7:11) 
	at org.apache.maven.model.io.DefaultModelReader.read(DefaultModelReader.java:114) ~[maven-model-builder-3.6.1.jar:3.6.1]
	at org.apache.maven.model.io.DefaultModelReader.read(DefaultModelReader.java:82) ~[maven-model-builder-3.6.1.jar:3.6.1]
	at org.eclipse.m2e.core.internal.embedder.MavenImpl.readModel(MavenImpl.java:559) ~[org.eclipse.m2e.core_1.12.0.20190529-1916.jar:na]
	... 24 common frames omitted
Caused by: org.codehaus.plexus.util.xml.pull.XmlPullParserException: end tag name </proje> must match start tag name <project> from line 1 (position: TEXT seen ...</packaging>\r\n  </proje<... @7:11) 
	at org.codehaus.plexus.util.xml.pull.MXParser.parseEndTag(MXParser.java:2090) ~[plexus-utils-3.2.0.jar:na]
	at org.codehaus.plexus.util.xml.pull.MXParser.nextImpl(MXParser.java:1361) ~[plexus-utils-3.2.0.jar:na]
	at org.codehaus.plexus.util.xml.pull.MXParser.next(MXParser.java:1319) ~[plexus-utils-3.2.0.jar:na]
	at org.codehaus.plexus.util.xml.pull.MXParser.nextTag(MXParser.java:1305) ~[plexus-utils-3.2.0.jar:na]
	at org.apache.maven.model.io.xpp3.MavenXpp3Reader.parseModel(MavenXpp3Reader.java:2072) ~[maven-model-3.6.1.jar:3.6.1]
	at org.apache.maven.model.io.xpp3.MavenXpp3Reader.read(MavenXpp3Reader.java:3872) ~[maven-model-3.6.1.jar:3.6.1]
	at org.apache.maven.model.io.xpp3.MavenXpp3Reader.read(MavenXpp3Reader.java:595) ~[maven-model-3.6.1.jar:3.6.1]
	at org.apache.maven.model.io.DefaultModelReader.read(DefaultModelReader.java:109) ~[maven-model-builder-3.6.1.jar:3.6.1]
	... 26 common frames omitted
2019-09-03 17:53:49,592 [Worker-11: Creating project "car-selling-app"] INFO  o.e.m.c.i.l.LifecycleMappingFactory - Using NULL lifecycle mapping for MavenProject: com.car-selling-application:car-selling-app:0.0.1-SNAPSHOT @ C:\Users\Filip Matejevic\Desktop\car-selling-app\car-selling-app\pom.xml.
2019-09-03 17:54:03,439 [Worker-9: Creating project "core"] INFO  o.e.m.c.i.l.LifecycleMappingFactory - Using org.eclipse.m2e.jdt.JarLifecycleMapping lifecycle mapping for MavenProject: com.car-selling-application:core:0.0.1-SNAPSHOT @ C:\Users\Filip Matejevic\Desktop\car-selling-app\car-selling-app\core\pom.xml.
2019-09-03 17:54:04,131 [Worker-9: Creating project "core"] INFO  o.e.m.j.i.AbstractJavaProjectConfigurator - Adding source folder /core/src/main/java
2019-09-03 17:54:04,142 [Worker-9: Creating project "core"] INFO  o.e.m.j.i.AbstractJavaProjectConfigurator - Adding resource folder /core/src/main/resources
2019-09-03 17:54:04,151 [Worker-9: Creating project "core"] INFO  o.e.m.j.i.AbstractJavaProjectConfigurator - Adding source folder /core/src/test/java
2019-09-03 17:54:04,160 [Worker-9: Creating project "core"] INFO  o.e.m.j.i.AbstractJavaProjectConfigurator - Adding resource folder /core/src/test/resources
2019-09-03 17:54:04,371 [Worker-9: Creating project "core"] ERROR o.e.m.c.u.i.w.MavenModuleWizard - Cannot add module to parent POM
java.lang.IllegalStateException: already in a rewrite session
	at org.eclipse.wst.sse.core.internal.text.BasicStructuredDocument.internalStartRewriteSession(BasicStructuredDocument.java:2782) ~[na:na]
	at org.eclipse.wst.sse.core.internal.text.JobSafeStructuredDocument.startRewriteSession(JobSafeStructuredDocument.java:213) ~[na:na]
	at org.eclipse.m2e.core.ui.internal.editing.PomEdits.performOnDOMDocument(PomEdits.java:482) ~[org.eclipse.m2e.core.ui_1.12.0.20190529-1916.jar:na]
	at org.eclipse.m2e.core.ui.internal.wizards.MavenModuleWizard$7.done(MavenModuleWizard.java:276) ~[org.eclipse.m2e.core.ui_1.12.0.20190529-1916.jar:na]
	at org.eclipse.core.internal.jobs.JobListeners.doNotify(JobListeners.java:80) ~[org.eclipse.core.jobs_3.10.400.v20190506-1457.jar:na]
	at org.eclipse.core.internal.jobs.JobListeners.done(JobListeners.java:118) ~[org.eclipse.core.jobs_3.10.400.v20190506-1457.jar:na]
	at org.eclipse.core.internal.jobs.JobManager.endJob(JobManager.java:684) ~[org.eclipse.core.jobs_3.10.400.v20190506-1457.jar:na]
	at org.eclipse.core.internal.jobs.WorkerPool.endJob(WorkerPool.java:117) ~[org.eclipse.core.jobs_3.10.400.v20190506-1457.jar:na]
	at org.eclipse.core.internal.jobs.Worker.run(Worker.java:85) ~[org.eclipse.core.jobs_3.10.400.v20190506-1457.jar:na]
2019-09-03 17:54:04,697 [Worker-2: Building workspace] WARN  o.e.m.c.i.embedder.EclipseLogger - Using platform encoding (Cp1252 actually) to copy filtered resources, i.e. build is platform dependent!
2019-09-03 17:54:04,737 [Worker-2: Building workspace] INFO  o.e.m.c.i.embedder.EclipseLogger - Copying 0 resource
2019-09-03 17:54:04,748 [Worker-2: Building workspace] WARN  o.e.m.c.i.embedder.EclipseLogger - Using platform encoding (Cp1252 actually) to copy filtered resources, i.e. build is platform dependent!
2019-09-03 17:54:04,757 [Worker-2: Building workspace] INFO  o.e.m.c.i.embedder.EclipseLogger - Copying 0 resource
2019-09-03 17:54:19,265 [Worker-10: Creating project "service"] INFO  o.e.m.c.i.l.LifecycleMappingFactory - Using org.eclipse.m2e.jdt.JarLifecycleMapping lifecycle mapping for MavenProject: com.car-selling-application:service:0.0.1-SNAPSHOT @ C:\Users\Filip Matejevic\Desktop\car-selling-app\car-selling-app\service\pom.xml.
2019-09-03 17:54:19,421 [Worker-10: Creating project "service"] INFO  o.e.m.j.i.AbstractJavaProjectConfigurator - Adding source folder /service/src/main/java
2019-09-03 17:54:19,429 [Worker-10: Creating project "service"] INFO  o.e.m.j.i.AbstractJavaProjectConfigurator - Adding resource folder /service/src/main/resources
2019-09-03 17:54:19,437 [Worker-10: Creating project "service"] INFO  o.e.m.j.i.AbstractJavaProjectConfigurator - Adding source folder /service/src/test/java
2019-09-03 17:54:19,445 [Worker-10: Creating project "service"] INFO  o.e.m.j.i.AbstractJavaProjectConfigurator - Adding resource folder /service/src/test/resources
2019-09-03 17:54:19,635 [Worker-10: Creating project "service"] ERROR o.e.m.c.u.i.w.MavenModuleWizard - Cannot add module to parent POM
java.lang.IllegalStateException: already in a rewrite session
	at org.eclipse.wst.sse.core.internal.text.BasicStructuredDocument.internalStartRewriteSession(BasicStructuredDocument.java:2782) ~[na:na]
	at org.eclipse.wst.sse.core.internal.text.JobSafeStructuredDocument.startRewriteSession(JobSafeStructuredDocument.java:213) ~[na:na]
	at org.eclipse.m2e.core.ui.internal.editing.PomEdits.performOnDOMDocument(PomEdits.java:482) ~[org.eclipse.m2e.core.ui_1.12.0.20190529-1916.jar:na]
	at org.eclipse.m2e.core.ui.internal.wizards.MavenModuleWizard$7.done(MavenModuleWizard.java:276) ~[org.eclipse.m2e.core.ui_1.12.0.20190529-1916.jar:na]
	at org.eclipse.core.internal.jobs.JobListeners.doNotify(JobListeners.java:80) ~[org.eclipse.core.jobs_3.10.400.v20190506-1457.jar:na]
	at org.eclipse.core.internal.jobs.JobListeners.done(JobListeners.java:118) ~[org.eclipse.core.jobs_3.10.400.v20190506-1457.jar:na]
	at org.eclipse.core.internal.jobs.JobManager.endJob(JobManager.java:684) ~[org.eclipse.core.jobs_3.10.400.v20190506-1457.jar:na]
	at org.eclipse.core.internal.jobs.WorkerPool.endJob(WorkerPool.java:117) ~[org.eclipse.core.jobs_3.10.400.v20190506-1457.jar:na]
	at org.eclipse.core.internal.jobs.Worker.run(Worker.java:85) ~[org.eclipse.core.jobs_3.10.400.v20190506-1457.jar:na]
2019-09-03 17:54:19,826 [Worker-9: Building workspace] WARN  o.e.m.c.i.embedder.EclipseLogger - Using platform encoding (Cp1252 actually) to copy filtered resources, i.e. build is platform dependent!
2019-09-03 17:54:19,841 [Worker-9: Building workspace] INFO  o.e.m.c.i.embedder.EclipseLogger - Copying 0 resource
2019-09-03 17:54:19,843 [Worker-9: Building workspace] WARN  o.e.m.c.i.embedder.EclipseLogger - Using platform encoding (Cp1252 actually) to copy filtered resources, i.e. build is platform dependent!
2019-09-03 17:54:19,854 [Worker-9: Building workspace] INFO  o.e.m.c.i.embedder.EclipseLogger - Copying 0 resource
2019-09-03 17:54:32,592 [Worker-4: Creating project "web"] INFO  o.e.m.c.i.l.LifecycleMappingFactory - Using org.eclipse.m2e.jdt.JarLifecycleMapping lifecycle mapping for MavenProject: com.car-selling-application:web:0.0.1-SNAPSHOT @ C:\Users\Filip Matejevic\Desktop\car-selling-app\car-selling-app\web\pom.xml.
2019-09-03 17:54:32,754 [Worker-4: Creating project "web"] INFO  o.e.m.j.i.AbstractJavaProjectConfigurator - Adding source folder /web/src/main/java
2019-09-03 17:54:32,755 [Worker-4: Creating project "web"] INFO  o.e.m.j.i.AbstractJavaProjectConfigurator - Adding resource folder /web/src/main/resources
2019-09-03 17:54:32,756 [Worker-4: Creating project "web"] INFO  o.e.m.j.i.AbstractJavaProjectConfigurator - Adding source folder /web/src/test/java
2019-09-03 17:54:32,764 [Worker-4: Creating project "web"] INFO  o.e.m.j.i.AbstractJavaProjectConfigurator - Adding resource folder /web/src/test/resources
2019-09-03 17:54:32,992 [Worker-4: Creating project "web"] ERROR o.e.m.c.u.i.w.MavenModuleWizard - Cannot add module to parent POM
java.lang.IllegalStateException: already in a rewrite session
	at org.eclipse.wst.sse.core.internal.text.BasicStructuredDocument.internalStartRewriteSession(BasicStructuredDocument.java:2782) ~[na:na]
	at org.eclipse.wst.sse.core.internal.text.JobSafeStructuredDocument.startRewriteSession(JobSafeStructuredDocument.java:213) ~[na:na]
	at org.eclipse.m2e.core.ui.internal.editing.PomEdits.performOnDOMDocument(PomEdits.java:482) ~[org.eclipse.m2e.core.ui_1.12.0.20190529-1916.jar:na]
	at org.eclipse.m2e.core.ui.internal.wizards.MavenModuleWizard$7.done(MavenModuleWizard.java:276) ~[org.eclipse.m2e.core.ui_1.12.0.20190529-1916.jar:na]
	at org.eclipse.core.internal.jobs.JobListeners.doNotify(JobListeners.java:80) ~[org.eclipse.core.jobs_3.10.400.v20190506-1457.jar:na]
	at org.eclipse.core.internal.jobs.JobListeners.done(JobListeners.java:118) ~[org.eclipse.core.jobs_3.10.400.v20190506-1457.jar:na]
	at org.eclipse.core.internal.jobs.JobManager.endJob(JobManager.java:684) ~[org.eclipse.core.jobs_3.10.400.v20190506-1457.jar:na]
	at org.eclipse.core.internal.jobs.WorkerPool.endJob(WorkerPool.java:117) ~[org.eclipse.core.jobs_3.10.400.v20190506-1457.jar:na]
	at org.eclipse.core.internal.jobs.Worker.run(Worker.java:85) ~[org.eclipse.core.jobs_3.10.400.v20190506-1457.jar:na]
2019-09-03 17:54:33,187 [Worker-7: Building workspace] WARN  o.e.m.c.i.embedder.EclipseLogger - Using platform encoding (Cp1252 actually) to copy filtered resources, i.e. build is platform dependent!
2019-09-03 17:54:33,196 [Worker-7: Building workspace] INFO  o.e.m.c.i.embedder.EclipseLogger - Copying 0 resource
2019-09-03 17:54:33,205 [Worker-7: Building workspace] WARN  o.e.m.c.i.embedder.EclipseLogger - Using platform encoding (Cp1252 actually) to copy filtered resources, i.e. build is platform dependent!
2019-09-03 17:54:33,215 [Worker-7: Building workspace] INFO  o.e.m.c.i.embedder.EclipseLogger - Copying 0 resource
2019-09-03 17:55:59,226 [Worker-10: Building workspace] INFO  o.e.m.c.i.l.LifecycleMappingFactory - Using org.eclipse.m2e.jdt.JarLifecycleMapping lifecycle mapping for MavenProject: com.car-selling-application:core:0.0.1-SNAPSHOT @ C:\Users\Filip Matejevic\Desktop\car-selling-app\car-selling-app\core\pom.xml.
2019-09-03 17:55:59,402 [Worker-10: Building workspace] INFO  o.e.m.c.i.l.LifecycleMappingFactory - Using org.eclipse.m2e.jdt.JarLifecycleMapping lifecycle mapping for MavenProject: com.car-selling-application:web:0.0.1-SNAPSHOT @ C:\Users\Filip Matejevic\Desktop\car-selling-app\car-selling-app\web\pom.xml.
2019-09-03 17:55:59,420 [Worker-10: Building workspace] INFO  o.e.m.c.i.l.LifecycleMappingFactory - Using NULL lifecycle mapping for MavenProject: com.car-selling-application:car-selling-app:0.0.1-SNAPSHOT @ C:\Users\Filip Matejevic\Desktop\car-selling-app\car-selling-app\pom.xml.
2019-09-03 17:55:59,560 [Worker-10: Building workspace] INFO  o.e.m.c.i.l.LifecycleMappingFactory - Using org.eclipse.m2e.jdt.JarLifecycleMapping lifecycle mapping for MavenProject: com.car-selling-application:service:0.0.1-SNAPSHOT @ C:\Users\Filip Matejevic\Desktop\car-selling-app\car-selling-app\service\pom.xml.
2019-09-03 17:56:01,082 [Worker-10: Building workspace] WARN  o.e.m.c.i.embedder.EclipseLogger - Using platform encoding (Cp1252 actually) to copy filtered resources, i.e. build is platform dependent!
2019-09-03 17:56:01,146 [Worker-10: Building workspace] INFO  o.e.m.c.i.embedder.EclipseLogger - Copying 0 resource
2019-09-03 17:56:01,218 [Worker-10: Building workspace] WARN  o.e.m.c.i.embedder.EclipseLogger - Using platform encoding (Cp1252 actually) to copy filtered resources, i.e. build is platform dependent!
2019-09-03 17:56:01,372 [Worker-10: Building workspace] INFO  o.e.m.c.i.embedder.EclipseLogger - Copying 0 resource
2019-09-03 17:56:01,466 [Worker-10: Building workspace] WARN  o.e.m.c.i.embedder.EclipseLogger - Using platform encoding (Cp1252 actually) to copy filtered resources, i.e. build is platform dependent!
2019-09-03 17:56:01,526 [Worker-10: Building workspace] INFO  o.e.m.c.i.embedder.EclipseLogger - Copying 0 resource
2019-09-03 17:56:01,567 [Worker-10: Building workspace] WARN  o.e.m.c.i.embedder.EclipseLogger - Using platform encoding (Cp1252 actually) to copy filtered resources, i.e. build is platform dependent!
2019-09-03 17:56:01,577 [Worker-10: Building workspace] INFO  o.e.m.c.i.embedder.EclipseLogger - Copying 0 resource
2019-09-03 17:56:01,622 [Worker-10: Building workspace] WARN  o.e.m.c.i.embedder.EclipseLogger - Using platform encoding (Cp1252 actually) to copy filtered resources, i.e. build is platform dependent!
2019-09-03 17:56:01,645 [Worker-10: Building workspace] INFO  o.e.m.c.i.embedder.EclipseLogger - Copying 0 resource
2019-09-03 17:56:01,656 [Worker-10: Building workspace] WARN  o.e.m.c.i.embedder.EclipseLogger - Using platform encoding (Cp1252 actually) to copy filtered resources, i.e. build is platform dependent!
2019-09-03 17:56:01,669 [Worker-10: Building workspace] INFO  o.e.m.c.i.embedder.EclipseLogger - Copying 0 resource
2019-09-03 17:57:14,677 [Worker-7: Building workspace] INFO  o.e.m.c.i.l.LifecycleMappingFactory - Using org.eclipse.m2e.jdt.JarLifecycleMapping lifecycle mapping for MavenProject: com.car-selling-application:web:0.0.1-SNAPSHOT @ C:\Users\Filip Matejevic\Desktop\car-selling-app\car-selling-app\web\pom.xml.
2019-09-03 17:57:14,759 [Worker-7: Building workspace] WARN  o.e.m.c.i.embedder.EclipseLogger - Using platform encoding (Cp1252 actually) to copy filtered resources, i.e. build is platform dependent!
2019-09-03 17:57:14,776 [Worker-7: Building workspace] INFO  o.e.m.c.i.embedder.EclipseLogger - Copying 0 resource
2019-09-03 17:57:14,778 [Worker-7: Building workspace] WARN  o.e.m.c.i.embedder.EclipseLogger - Using platform encoding (Cp1252 actually) to copy filtered resources, i.e. build is platform dependent!
2019-09-03 17:57:14,795 [Worker-7: Building workspace] INFO  o.e.m.c.i.embedder.EclipseLogger - Copying 0 resource
2019-09-03 17:57:59,656 [Worker-11: Building workspace] INFO  o.e.m.c.i.l.LifecycleMappingFactory - Using org.eclipse.m2e.jdt.JarLifecycleMapping lifecycle mapping for MavenProject: com.car-selling-application:web:0.0.1-SNAPSHOT @ C:\Users\Filip Matejevic\Desktop\car-selling-app\car-selling-app\web\pom.xml.
2019-09-03 17:57:59,672 [Worker-11: Building workspace] INFO  o.e.m.c.i.p.WorkspaceClassifierResolverManager - Resolving P/service: com.car-selling-application:service:0.0.1-SNAPSHOT with classifier  to /service/target/classes
2019-09-03 17:57:59,814 [Worker-11: Building workspace] WARN  o.e.m.c.i.embedder.EclipseLogger - Using platform encoding (Cp1252 actually) to copy filtered resources, i.e. build is platform dependent!
2019-09-03 17:57:59,847 [Worker-9: Loading pom.xml] INFO  o.e.m.c.i.p.WorkspaceClassifierResolverManager - Resolving P/service: com.car-selling-application:service:0.0.1-SNAPSHOT with classifier  to /service/target/classes
2019-09-03 17:57:59,900 [Worker-11: Building workspace] INFO  o.e.m.c.i.embedder.EclipseLogger - Copying 0 resource
2019-09-03 17:57:59,925 [Worker-11: Building workspace] WARN  o.e.m.c.i.embedder.EclipseLogger - Using platform encoding (Cp1252 actually) to copy filtered resources, i.e. build is platform dependent!
2019-09-03 17:57:59,941 [Worker-11: Building workspace] INFO  o.e.m.c.i.embedder.EclipseLogger - Copying 0 resource
2019-09-03 17:58:29,091 [Worker-2: Building workspace] INFO  o.e.m.c.i.l.LifecycleMappingFactory - Using org.eclipse.m2e.jdt.JarLifecycleMapping lifecycle mapping for MavenProject: com.car-selling-application:service:0.0.1-SNAPSHOT @ C:\Users\Filip Matejevic\Desktop\car-selling-app\car-selling-app\service\pom.xml.
2019-09-03 17:58:29,095 [Worker-2: Building workspace] INFO  o.e.m.c.i.p.WorkspaceClassifierResolverManager - Resolving P/core: com.car-selling-application:core:0.0.1-SNAPSHOT with classifier  to /core/target/classes
2019-09-03 17:58:29,314 [Worker-2: Building workspace] INFO  o.e.m.c.i.l.LifecycleMappingFactory - Using org.eclipse.m2e.jdt.JarLifecycleMapping lifecycle mapping for MavenProject: com.car-selling-application:web:0.0.1-SNAPSHOT @ C:\Users\Filip Matejevic\Desktop\car-selling-app\car-selling-app\web\pom.xml.
2019-09-03 17:58:29,326 [Worker-2: Building workspace] INFO  o.e.m.c.i.p.WorkspaceClassifierResolverManager - Resolving P/service: com.car-selling-application:service:0.0.1-SNAPSHOT with classifier  to /service/target/classes
2019-09-03 17:58:29,333 [Worker-2: Building workspace] INFO  o.e.m.c.i.p.WorkspaceClassifierResolverManager - Resolving P/core: com.car-selling-application:core:0.0.1-SNAPSHOT with classifier  to /core/target/classes
2019-09-03 17:58:29,510 [Worker-9: Loading pom.xml] INFO  o.e.m.c.i.p.WorkspaceClassifierResolverManager - Resolving P/service: com.car-selling-application:service:0.0.1-SNAPSHOT with classifier  to /service/target/classes
2019-09-03 17:58:29,473 [Worker-2: Building workspace] WARN  o.e.m.c.i.embedder.EclipseLogger - Using platform encoding (Cp1252 actually) to copy filtered resources, i.e. build is platform dependent!
2019-09-03 17:58:29,520 [Worker-9: Loading pom.xml] INFO  o.e.m.c.i.p.WorkspaceClassifierResolverManager - Resolving P/core: com.car-selling-application:core:0.0.1-SNAPSHOT with classifier  to /core/target/classes
2019-09-03 17:58:29,580 [Worker-2: Building workspace] INFO  o.e.m.c.i.embedder.EclipseLogger - Copying 0 resource
2019-09-03 17:58:29,581 [Worker-2: Building workspace] WARN  o.e.m.c.i.embedder.EclipseLogger - Using platform encoding (Cp1252 actually) to copy filtered resources, i.e. build is platform dependent!
2019-09-03 17:58:29,598 [Worker-2: Building workspace] INFO  o.e.m.c.i.embedder.EclipseLogger - Copying 0 resource
2019-09-03 17:58:29,612 [Worker-2: Building workspace] WARN  o.e.m.c.i.embedder.EclipseLogger - Using platform encoding (Cp1252 actually) to copy filtered resources, i.e. build is platform dependent!
2019-09-03 17:58:29,621 [Worker-2: Building workspace] INFO  o.e.m.c.i.embedder.EclipseLogger - Copying 0 resource
2019-09-03 17:58:29,623 [Worker-2: Building workspace] WARN  o.e.m.c.i.embedder.EclipseLogger - Using platform encoding (Cp1252 actually) to copy filtered resources, i.e. build is platform dependent!
2019-09-03 17:58:29,640 [Worker-2: Building workspace] INFO  o.e.m.c.i.embedder.EclipseLogger - Copying 0 resource
